Traceback (most recent call last):
  File "C:\Users\Admin\anaconda3\envs\book\lib\site-packages\jupyter_core\utils\__init__.py", line 154, in wrapped
    asyncio.get_running_loop()
RuntimeError: no running event loop

During handling of the above exception, another exception occurred:

Traceback (most recent call last):
  File "C:\Users\Admin\anaconda3\envs\book\lib\site-packages\jupyter_cache\executors\utils.py", line 58, in single_nb_execution
    executenb(
  File "C:\Users\Admin\anaconda3\envs\book\lib\site-packages\nbclient\client.py", line 1319, in execute
    return NotebookClient(nb=nb, resources=resources, km=km, **kwargs).execute()
  File "C:\Users\Admin\anaconda3\envs\book\lib\site-packages\jupyter_core\utils\__init__.py", line 158, in wrapped
    return loop.run_until_complete(inner)
  File "C:\Users\Admin\anaconda3\envs\book\lib\asyncio\base_events.py", line 647, in run_until_complete
    return future.result()
  File "C:\Users\Admin\anaconda3\envs\book\lib\site-packages\nbclient\client.py", line 709, in async_execute
    await self.async_execute_cell(
  File "C:\Users\Admin\anaconda3\envs\book\lib\site-packages\nbclient\client.py", line 1062, in async_execute_cell
    await self._check_raise_for_error(cell, cell_index, exec_reply)
  File "C:\Users\Admin\anaconda3\envs\book\lib\site-packages\nbclient\client.py", line 918, in _check_raise_for_error
    raise CellExecutionError.from_cell_and_msg(cell, exec_reply_content)
nbclient.exceptions.CellExecutionError: An error occurred while executing the following cell:
------------------
import numpy as np

array = np.array([[1, 2], [3, 4], [5, 6]])
df = pd.DataFrame(array, columns=["A", "B"])
print(df)
# Output:
#    A  B
# 0  1  2
# 1  3  4
# 2  5  6
------------------


[1;31m---------------------------------------------------------------------------[0m
[1;31mNameError[0m                                 Traceback (most recent call last)
Cell [1;32mIn[1], line 4[0m
[0;32m      1[0m [38;5;28;01mimport[39;00m[38;5;250m [39m[38;5;21;01mnumpy[39;00m[38;5;250m [39m[38;5;28;01mas[39;00m[38;5;250m [39m[38;5;21;01mnp[39;00m
[0;32m      3[0m array [38;5;241m=[39m np[38;5;241m.[39marray([[[38;5;241m1[39m, [38;5;241m2[39m], [[38;5;241m3[39m, [38;5;241m4[39m], [[38;5;241m5[39m, [38;5;241m6[39m]])
[1;32m----> 4[0m df [38;5;241m=[39m [43mpd[49m[38;5;241m.[39mDataFrame(array, columns[38;5;241m=[39m[[38;5;124m"[39m[38;5;124mA[39m[38;5;124m"[39m, [38;5;124m"[39m[38;5;124mB[39m[38;5;124m"[39m])
[0;32m      5[0m [38;5;28mprint[39m(df)
[0;32m      6[0m [38;5;66;03m# Output:[39;00m
[0;32m      7[0m [38;5;66;03m#    A  B[39;00m
[0;32m      8[0m [38;5;66;03m# 0  1  2[39;00m
[0;32m      9[0m [38;5;66;03m# 1  3  4[39;00m
[0;32m     10[0m [38;5;66;03m# 2  5  6[39;00m

[1;31mNameError[0m: name 'pd' is not defined

