Traceback (most recent call last):
  File "C:\Users\Admin\anaconda3\envs\book\lib\site-packages\jupyter_core\utils\__init__.py", line 154, in wrapped
    asyncio.get_running_loop()
RuntimeError: no running event loop

During handling of the above exception, another exception occurred:

Traceback (most recent call last):
  File "C:\Users\Admin\anaconda3\envs\book\lib\site-packages\jupyter_cache\executors\utils.py", line 58, in single_nb_execution
    executenb(
  File "C:\Users\Admin\anaconda3\envs\book\lib\site-packages\nbclient\client.py", line 1319, in execute
    return NotebookClient(nb=nb, resources=resources, km=km, **kwargs).execute()
  File "C:\Users\Admin\anaconda3\envs\book\lib\site-packages\jupyter_core\utils\__init__.py", line 158, in wrapped
    return loop.run_until_complete(inner)
  File "C:\Users\Admin\anaconda3\envs\book\lib\asyncio\base_events.py", line 647, in run_until_complete
    return future.result()
  File "C:\Users\Admin\anaconda3\envs\book\lib\site-packages\nbclient\client.py", line 709, in async_execute
    await self.async_execute_cell(
  File "C:\Users\Admin\anaconda3\envs\book\lib\site-packages\nbclient\client.py", line 1062, in async_execute_cell
    await self._check_raise_for_error(cell, cell_index, exec_reply)
  File "C:\Users\Admin\anaconda3\envs\book\lib\site-packages\nbclient\client.py", line 918, in _check_raise_for_error
    raise CellExecutionError.from_cell_and_msg(cell, exec_reply_content)
nbclient.exceptions.CellExecutionError: An error occurred while executing the following cell:
------------------
import numpy as np
details = [10, 20, 30, 40, 50]
sales = np.array(details)

print(sales[22])  # Trying to access an out-of-bounds index
------------------


[1;31m---------------------------------------------------------------------------[0m
[1;31mIndexError[0m                                Traceback (most recent call last)
Cell [1;32mIn[12], line 5[0m
[0;32m      2[0m details [38;5;241m=[39m [[38;5;241m10[39m, [38;5;241m20[39m, [38;5;241m30[39m, [38;5;241m40[39m, [38;5;241m50[39m]
[0;32m      3[0m sales [38;5;241m=[39m np[38;5;241m.[39marray(details)
[1;32m----> 5[0m [38;5;28mprint[39m([43msales[49m[43m[[49m[38;5;241;43m22[39;49m[43m][49m)  [38;5;66;03m# Trying to access an out-of-bounds index[39;00m

[1;31mIndexError[0m: index 22 is out of bounds for axis 0 with size 5

