Traceback (most recent call last):
  File "C:\Users\Admin\anaconda3\envs\book\lib\site-packages\jupyter_core\utils\__init__.py", line 154, in wrapped
    asyncio.get_running_loop()
RuntimeError: no running event loop

During handling of the above exception, another exception occurred:

Traceback (most recent call last):
  File "C:\Users\Admin\anaconda3\envs\book\lib\site-packages\jupyter_cache\executors\utils.py", line 58, in single_nb_execution
    executenb(
  File "C:\Users\Admin\anaconda3\envs\book\lib\site-packages\nbclient\client.py", line 1319, in execute
    return NotebookClient(nb=nb, resources=resources, km=km, **kwargs).execute()
  File "C:\Users\Admin\anaconda3\envs\book\lib\site-packages\jupyter_core\utils\__init__.py", line 158, in wrapped
    return loop.run_until_complete(inner)
  File "C:\Users\Admin\anaconda3\envs\book\lib\asyncio\base_events.py", line 647, in run_until_complete
    return future.result()
  File "C:\Users\Admin\anaconda3\envs\book\lib\site-packages\nbclient\client.py", line 709, in async_execute
    await self.async_execute_cell(
  File "C:\Users\Admin\anaconda3\envs\book\lib\site-packages\nbclient\client.py", line 1062, in async_execute_cell
    await self._check_raise_for_error(cell, cell_index, exec_reply)
  File "C:\Users\Admin\anaconda3\envs\book\lib\site-packages\nbclient\client.py", line 918, in _check_raise_for_error
    raise CellExecutionError.from_cell_and_msg(cell, exec_reply_content)
nbclient.exceptions.CellExecutionError: An error occurred while executing the following cell:
------------------
from sklearn.tree import DecisionTreeRegressor
from sklearn.metrics import mean_squared_error

# Synthetic regression data
np.random.seed(42)
X = np.linspace(0, 10, 100).reshape(-1, 1)
y = np.sin(X) + np.random.normal(0, 0.1, X.shape)

# Fit regression tree
reg = DecisionTreeRegressor(max_depth=3)
reg.fit(X, y)

# Predict
y_pred = reg.predict(X)
mse = mean_squared_error(y, y_pred)
print("MSE:", mse)

# Visualize
plt.scatter(X, y, label="Data", alpha=0.5)
plt.plot(X, y_pred, color="red", label="Tree Fit")
plt.title("Decision Tree Regression")
plt.legend()
plt.show()
------------------


[1;31m---------------------------------------------------------------------------[0m
[1;31mNameError[0m                                 Traceback (most recent call last)
Cell [1;32mIn[2], line 5[0m
[0;32m      2[0m [38;5;28;01mfrom[39;00m[38;5;250m [39m[38;5;21;01msklearn[39;00m[38;5;21;01m.[39;00m[38;5;21;01mmetrics[39;00m[38;5;250m [39m[38;5;28;01mimport[39;00m mean_squared_error
[0;32m      4[0m [38;5;66;03m# Synthetic regression data[39;00m
[1;32m----> 5[0m [43mnp[49m[38;5;241m.[39mrandom[38;5;241m.[39mseed([38;5;241m42[39m)
[0;32m      6[0m X [38;5;241m=[39m np[38;5;241m.[39mlinspace([38;5;241m0[39m, [38;5;241m10[39m, [38;5;241m100[39m)[38;5;241m.[39mreshape([38;5;241m-[39m[38;5;241m1[39m, [38;5;241m1[39m)
[0;32m      7[0m y [38;5;241m=[39m np[38;5;241m.[39msin(X) [38;5;241m+[39m np[38;5;241m.[39mrandom[38;5;241m.[39mnormal([38;5;241m0[39m, [38;5;241m0.1[39m, X[38;5;241m.[39mshape)

[1;31mNameError[0m: name 'np' is not defined

