Traceback (most recent call last):
  File "C:\Users\Admin\anaconda3\envs\book\lib\site-packages\jupyter_core\utils\__init__.py", line 154, in wrapped
    asyncio.get_running_loop()
RuntimeError: no running event loop

During handling of the above exception, another exception occurred:

Traceback (most recent call last):
  File "C:\Users\Admin\anaconda3\envs\book\lib\site-packages\jupyter_cache\executors\utils.py", line 58, in single_nb_execution
    executenb(
  File "C:\Users\Admin\anaconda3\envs\book\lib\site-packages\nbclient\client.py", line 1319, in execute
    return NotebookClient(nb=nb, resources=resources, km=km, **kwargs).execute()
  File "C:\Users\Admin\anaconda3\envs\book\lib\site-packages\jupyter_core\utils\__init__.py", line 158, in wrapped
    return loop.run_until_complete(inner)
  File "C:\Users\Admin\anaconda3\envs\book\lib\asyncio\base_events.py", line 647, in run_until_complete
    return future.result()
  File "C:\Users\Admin\anaconda3\envs\book\lib\site-packages\nbclient\client.py", line 709, in async_execute
    await self.async_execute_cell(
  File "C:\Users\Admin\anaconda3\envs\book\lib\site-packages\nbclient\client.py", line 1062, in async_execute_cell
    await self._check_raise_for_error(cell, cell_index, exec_reply)
  File "C:\Users\Admin\anaconda3\envs\book\lib\site-packages\nbclient\client.py", line 918, in _check_raise_for_error
    raise CellExecutionError.from_cell_and_msg(cell, exec_reply_content)
nbclient.exceptions.CellExecutionError: An error occurred while executing the following cell:
------------------
from sklearn.metrics import silhouette_score

# Evaluate K-Means
silhouette = silhouette_score(X, kmeans.labels_)
print("Silhouette Score for K-Means:", silhouette)
------------------


[1;31m---------------------------------------------------------------------------[0m
[1;31mValueError[0m                                Traceback (most recent call last)
Cell [1;32mIn[5], line 4[0m
[0;32m      1[0m [38;5;28;01mfrom[39;00m[38;5;250m [39m[38;5;21;01msklearn[39;00m[38;5;21;01m.[39;00m[38;5;21;01mmetrics[39;00m[38;5;250m [39m[38;5;28;01mimport[39;00m silhouette_score
[0;32m      3[0m [38;5;66;03m# Evaluate K-Means[39;00m
[1;32m----> 4[0m silhouette [38;5;241m=[39m [43msilhouette_score[49m[43m([49m[43mX[49m[43m,[49m[43m [49m[43mkmeans[49m[38;5;241;43m.[39;49m[43mlabels_[49m[43m)[49m
[0;32m      5[0m [38;5;28mprint[39m([38;5;124m"[39m[38;5;124mSilhouette Score for K-Means:[39m[38;5;124m"[39m, silhouette)

File [1;32m~\anaconda3\envs\book\lib\site-packages\sklearn\utils\_param_validation.py:216[0m, in [0;36mvalidate_params.<locals>.decorator.<locals>.wrapper[1;34m(*args, **kwargs)[0m
[0;32m    210[0m [38;5;28;01mtry[39;00m:
[0;32m    211[0m     [38;5;28;01mwith[39;00m config_context(
[0;32m    212[0m         skip_parameter_validation[38;5;241m=[39m(
[0;32m    213[0m             prefer_skip_nested_validation [38;5;129;01mor[39;00m global_skip_validation
[0;32m    214[0m         )
[0;32m    215[0m     ):
[1;32m--> 216[0m         [38;5;28;01mreturn[39;00m func([38;5;241m*[39margs, [38;5;241m*[39m[38;5;241m*[39mkwargs)
[0;32m    217[0m [38;5;28;01mexcept[39;00m InvalidParameterError [38;5;28;01mas[39;00m e:
[0;32m    218[0m     [38;5;66;03m# When the function is just a wrapper around an estimator, we allow[39;00m
[0;32m    219[0m     [38;5;66;03m# the function to delegate validation to the estimator, but we replace[39;00m
[0;32m    220[0m     [38;5;66;03m# the name of the estimator by the name of the function in the error[39;00m
[0;32m    221[0m     [38;5;66;03m# message to avoid confusion.[39;00m
[0;32m    222[0m     msg [38;5;241m=[39m re[38;5;241m.[39msub(
[0;32m    223[0m         [38;5;124mr[39m[38;5;124m"[39m[38;5;124mparameter of [39m[38;5;124m\[39m[38;5;124mw+ must be[39m[38;5;124m"[39m,
[0;32m    224[0m         [38;5;124mf[39m[38;5;124m"[39m[38;5;124mparameter of [39m[38;5;132;01m{[39;00mfunc[38;5;241m.[39m[38;5;18m__qualname__[39m[38;5;132;01m}[39;00m[38;5;124m must be[39m[38;5;124m"[39m,
[0;32m    225[0m         [38;5;28mstr[39m(e),
[0;32m    226[0m     )

File [1;32m~\anaconda3\envs\book\lib\site-packages\sklearn\metrics\cluster\_unsupervised.py:139[0m, in [0;36msilhouette_score[1;34m(X, labels, metric, sample_size, random_state, **kwds)[0m
[0;32m    137[0m     [38;5;28;01melse[39;00m:
[0;32m    138[0m         X, labels [38;5;241m=[39m X[indices], labels[indices]
[1;32m--> 139[0m [38;5;28;01mreturn[39;00m np[38;5;241m.[39mmean(silhouette_samples(X, labels, metric[38;5;241m=[39mmetric, [38;5;241m*[39m[38;5;241m*[39mkwds))

File [1;32m~\anaconda3\envs\book\lib\site-packages\sklearn\utils\_param_validation.py:189[0m, in [0;36mvalidate_params.<locals>.decorator.<locals>.wrapper[1;34m(*args, **kwargs)[0m
[0;32m    187[0m global_skip_validation [38;5;241m=[39m get_config()[[38;5;124m"[39m[38;5;124mskip_parameter_validation[39m[38;5;124m"[39m]
[0;32m    188[0m [38;5;28;01mif[39;00m global_skip_validation:
[1;32m--> 189[0m     [38;5;28;01mreturn[39;00m func([38;5;241m*[39margs, [38;5;241m*[39m[38;5;241m*[39mkwargs)
[0;32m    191[0m func_sig [38;5;241m=[39m signature(func)
[0;32m    193[0m [38;5;66;03m# Map *args/**kwargs to the function signature[39;00m

File [1;32m~\anaconda3\envs\book\lib\site-packages\sklearn\metrics\cluster\_unsupervised.py:277[0m, in [0;36msilhouette_samples[1;34m(X, labels, metric, **kwds)[0m
[0;32m    196[0m [38;5;129m@validate_params[39m(
[0;32m    197[0m     {
[0;32m    198[0m         [38;5;124m"[39m[38;5;124mX[39m[38;5;124m"[39m: [[38;5;124m"[39m[38;5;124marray-like[39m[38;5;124m"[39m, [38;5;124m"[39m[38;5;124msparse matrix[39m[38;5;124m"[39m],
[1;32m   (...)[0m
[0;32m    203[0m )
[0;32m    204[0m [38;5;28;01mdef[39;00m[38;5;250m [39m[38;5;21msilhouette_samples[39m(X, labels, [38;5;241m*[39m, metric[38;5;241m=[39m[38;5;124m"[39m[38;5;124meuclidean[39m[38;5;124m"[39m, [38;5;241m*[39m[38;5;241m*[39mkwds):
[0;32m    205[0m [38;5;250m    [39m[38;5;124;03m"""Compute the Silhouette Coefficient for each sample.[39;00m
[0;32m    206[0m 
[0;32m    207[0m [38;5;124;03m    The Silhouette Coefficient is a measure of how well samples are clustered[39;00m
[1;32m   (...)[0m
[0;32m    275[0m [38;5;124;03m    array([...])[39;00m
[0;32m    276[0m [38;5;124;03m    """[39;00m
[1;32m--> 277[0m     X, labels [38;5;241m=[39m [43mcheck_X_y[49m[43m([49m[43mX[49m[43m,[49m[43m [49m[43mlabels[49m[43m,[49m[43m [49m[43maccept_sparse[49m[38;5;241;43m=[39;49m[43m[[49m[38;5;124;43m"[39;49m[38;5;124;43mcsr[39;49m[38;5;124;43m"[39;49m[43m][49m[43m)[49m
[0;32m    279[0m     [38;5;66;03m# Check for non-zero diagonal entries in precomputed distance matrix[39;00m
[0;32m    280[0m     [38;5;28;01mif[39;00m metric [38;5;241m==[39m [38;5;124m"[39m[38;5;124mprecomputed[39m[38;5;124m"[39m:

File [1;32m~\anaconda3\envs\book\lib\site-packages\sklearn\utils\validation.py:1389[0m, in [0;36mcheck_X_y[1;34m(X, y, accept_sparse, accept_large_sparse, dtype, order, copy, force_writeable, force_all_finite, ensure_all_finite, ensure_2d, allow_nd, multi_output, ensure_min_samples, ensure_min_features, y_numeric, estimator)[0m
[0;32m   1370[0m X [38;5;241m=[39m check_array(
[0;32m   1371[0m     X,
[0;32m   1372[0m     accept_sparse[38;5;241m=[39maccept_sparse,
[1;32m   (...)[0m
[0;32m   1384[0m     input_name[38;5;241m=[39m[38;5;124m"[39m[38;5;124mX[39m[38;5;124m"[39m,
[0;32m   1385[0m )
[0;32m   1387[0m y [38;5;241m=[39m _check_y(y, multi_output[38;5;241m=[39mmulti_output, y_numeric[38;5;241m=[39my_numeric, estimator[38;5;241m=[39mestimator)
[1;32m-> 1389[0m [43mcheck_consistent_length[49m[43m([49m[43mX[49m[43m,[49m[43m [49m[43my[49m[43m)[49m
[0;32m   1391[0m [38;5;28;01mreturn[39;00m X, y

File [1;32m~\anaconda3\envs\book\lib\site-packages\sklearn\utils\validation.py:475[0m, in [0;36mcheck_consistent_length[1;34m(*arrays)[0m
[0;32m    473[0m uniques [38;5;241m=[39m np[38;5;241m.[39munique(lengths)
[0;32m    474[0m [38;5;28;01mif[39;00m [38;5;28mlen[39m(uniques) [38;5;241m>[39m [38;5;241m1[39m:
[1;32m--> 475[0m     [38;5;28;01mraise[39;00m [38;5;167;01mValueError[39;00m(
[0;32m    476[0m         [38;5;124m"[39m[38;5;124mFound input variables with inconsistent numbers of samples: [39m[38;5;132;01m%r[39;00m[38;5;124m"[39m
[0;32m    477[0m         [38;5;241m%[39m [[38;5;28mint[39m(l) [38;5;28;01mfor[39;00m l [38;5;129;01min[39;00m lengths]
[0;32m    478[0m     )

[1;31mValueError[0m: Found input variables with inconsistent numbers of samples: [150, 300]

